[    9084ms] [ERROR] Warning: React does not recognize the `%s` prop on a DOM element. If you intentionally want it to appear in the DOM as a custom attribute, spell it as lowercase `%s` instead. If you accidentally passed it from a parent component, remove it from the DOM element.%s fetchPriority fetchpriority 
    at img
    at div
    at div
    at ImageCard (http://localhost:5173/src/components/ImageCard.jsx:21:3)
    at div
    at div
    at div
    at div
    at Library (http://localhost:5173/src/components/Library.jsx:25:3)
    at main
    at div
    at App (http://localhost:5173/src/App.jsx:32:37) @ http://localhost:5173/node_modules/.vite/deps/chunk-373CG7ZK.js?v=4b08181a:518
[   17686ms] [ERROR] Failed to load resource: the server responded with a status of 401 (Unauthorized) @ http://localhost:5173/api/download?url=https%3A%2F%2Fwzkrpircqrhkulymozhz.supabase.co%2Fstorage%2Fv1%2Fobject%2Fpublic%2Fimages%2Fstandalone_1773538478212.png&filename=standalone_1773538478212.png:0
[  166843ms] [ERROR] Failed to load resource: the server responded with a status of 401 (Unauthorized) @ http://localhost:5173/api/download?url=https%3A%2F%2Fwzkrpircqrhkulymozhz.supabase.co%2Fstorage%2Fv1%2Fobject%2Fpublic%2Fimages%2Fstandalone_1773538478212.png&filename=standalone_1773538478212.png:0
[  167462ms] [ERROR] WebSocket connection to 'ws://localhost:5173/?token=E4-jF36umiDH' failed: Error during WebSocket handshake: Unexpected response code: 400 @ http://localhost:5173/@vite/client:535
[  167543ms] [ERROR] WebSocket connection to 'ws://localhost:5173/?token=E4-jF36umiDH' failed: Error during WebSocket handshake: Unexpected response code: 400 @ http://localhost:5173/@vite/client:535
[  167545ms] [ERROR] [vite] failed to connect to websocket.
your current setup:
  (browser) localhost:5173/ <--[HTTP]--> localhost:5173/ (server)
  (browser) localhost:5173/ <--[WebSocket (failing)]--> localhost:5173/ (server)
Check out your Vite / network configuration and https://vite.dev/config/server-options.html#server-hmr . @ http://localhost:5173/@vite/client:511
[  190998ms] [ERROR] Warning: React does not recognize the `%s` prop on a DOM element. If you intentionally want it to appear in the DOM as a custom attribute, spell it as lowercase `%s` instead. If you accidentally passed it from a parent component, remove it from the DOM element.%s fetchPriority fetchpriority 
    at img
    at div
    at div
    at ImageCard (http://localhost:5173/src/components/ImageCard.jsx:21:3)
    at div
    at div
    at div
    at div
    at Library (http://localhost:5173/src/components/Library.jsx:25:3)
    at main
    at div
    at App (http://localhost:5173/src/App.jsx:32:37) @ http://localhost:5173/node_modules/.vite/deps/chunk-373CG7ZK.js?v=4b08181a:518
[  195999ms] [ERROR] Failed to load resource: the server responded with a status of 401 (Unauthorized) @ http://localhost:5173/api/download?url=https%3A%2F%2Fwzkrpircqrhkulymozhz.supabase.co%2Fstorage%2Fv1%2Fobject%2Fpublic%2Fimages%2Fstandalone_1773538478212.png&filename=standalone_1773538478212.png:0
[  197621ms] [ERROR] WebSocket connection to 'ws://localhost:5173/?token=E4-jF36umiDH' failed: Error during WebSocket handshake: Unexpected response code: 400 @ http://localhost:5173/@vite/client:535
[  197636ms] [ERROR] WebSocket connection to 'ws://localhost:5173/?token=E4-jF36umiDH' failed: Error during WebSocket handshake: Unexpected response code: 400 @ http://localhost:5173/@vite/client:535
[  197637ms] [ERROR] [vite] failed to connect to websocket.
your current setup:
  (browser) localhost:5173/ <--[HTTP]--> localhost:5173/ (server)
  (browser) localhost:5173/ <--[WebSocket (failing)]--> localhost:5173/ (server)
Check out your Vite / network configuration and https://vite.dev/config/server-options.html#server-hmr . @ http://localhost:5173/@vite/client:511
[  207274ms] [ERROR] Warning: React does not recognize the `%s` prop on a DOM element. If you intentionally want it to appear in the DOM as a custom attribute, spell it as lowercase `%s` instead. If you accidentally passed it from a parent component, remove it from the DOM element.%s fetchPriority fetchpriority 
    at img
    at div
    at div
    at ImageCard (http://localhost:5173/src/components/ImageCard.jsx:21:3)
    at div
    at div
    at div
    at div
    at Library (http://localhost:5173/src/components/Library.jsx:25:3)
    at main
    at div
    at App (http://localhost:5173/src/App.jsx:32:37) @ http://localhost:5173/node_modules/.vite/deps/chunk-373CG7ZK.js?v=4b08181a:518
[  210474ms] [ERROR] Failed to load resource: the server responded with a status of 401 (Unauthorized) @ http://localhost:5173/api/download?url=https%3A%2F%2Fwzkrpircqrhkulymozhz.supabase.co%2Fstorage%2Fv1%2Fobject%2Fpublic%2Fimages%2Fstandalone_1773538478212.png&filename=standalone_1773538478212.png:0
[  212358ms] [ERROR] WebSocket connection to 'ws://localhost:5173/?token=E4-jF36umiDH' failed: Error during WebSocket handshake: Unexpected response code: 400 @ http://localhost:5173/@vite/client:535
[  212387ms] [ERROR] WebSocket connection to 'ws://localhost:5173/?token=E4-jF36umiDH' failed: Error during WebSocket handshake: Unexpected response code: 400 @ http://localhost:5173/@vite/client:535
[  212387ms] [ERROR] [vite] failed to connect to websocket.
your current setup:
  (browser) localhost:5173/ <--[HTTP]--> localhost:5173/ (server)
  (browser) localhost:5173/ <--[WebSocket (failing)]--> localhost:5173/ (server)
Check out your Vite / network configuration and https://vite.dev/config/server-options.html#server-hmr . @ http://localhost:5173/@vite/client:511
